app-pro/manifest-merger-release-report.txt
-- Merging decision tree log ---
manifest
ADDED from AndroidManifest.xml:20:1
	xmlns:android
		ADDED from AndroidManifest.xml:20:11
	package
		ADDED from AndroidManifest.xml:21:5
		INJECTED from AndroidManifest.xml:0:0
		INJECTED from AndroidManifest.xml:0:0
	android:versionName
		INJECTED from AndroidManifest.xml:0:0
		INJECTED from AndroidManifest.xml:0:0
	android:versionCode
		INJECTED from AndroidManifest.xml:0:0
		INJECTED from AndroidManifest.xml:0:0
	android:installLocation
		ADDED from AndroidManifest.xml:22:5
uses-permission#android.permission.WRITE_EXTERNAL_STORAGE
ADDED from AndroidManifest.xml:24:5
	android:name
		ADDED from AndroidManifest.xml:24:22
uses-permission#android.permission.ACCESS_SUPERUSER
ADDED from AndroidManifest.xml:25:5
	android:name
		ADDED from AndroidManifest.xml:25:22
supports-screens
ADDED from AndroidManifest.xml:27:5
	android:resizeable
		ADDED from AndroidManifest.xml:31:9
	android:largeScreens
		ADDED from AndroidManifest.xml:29:9
	android:anyDensity
		ADDED from AndroidManifest.xml:28:9
	android:normalScreens
		ADDED from AndroidManifest.xml:30:9
	android:xlargeScreens
		ADDED from AndroidManifest.xml:33:9
	android:smallScreens
		ADDED from AndroidManifest.xml:32:9
application
ADDED from AndroidManifest.xml:35:5
MERGED from turbo-editor.libraries:RootCommands:unspecified:11:5
MERGED from turbo-editor.libraries:FloatingActionButton:unspecified:11:5
MERGED from com.android.support:appcompat-v7:21.0.3:16:5
MERGED from com.android.support:support-v4:21.0.3:16:5
MERGED from com.github.gabrielemariotti.changeloglib:library:1.5.1:11:5
	android:supportsRtl
		ADDED from AndroidManifest.xml:41:9
	android:label
		ADDED from AndroidManifest.xml:38:9
	android:allowBackup
		ADDED from AndroidManifest.xml:36:9
	android:icon
		ADDED from AndroidManifest.xml:37:9
	android:hardwareAccelerated
		ADDED from AndroidManifest.xml:39:9
	android:largeHeap
		ADDED from AndroidManifest.xml:40:9
	android:name
		ADDED from AndroidManifest.xml:42:9
activity#com.maskyn.fileeditorpro.HomeActivity
ADDED from AndroidManifest.xml:47:9
	android:windowSoftInputMode
		ADDED from AndroidManifest.xml:51:13
	android:configChanges
		ADDED from AndroidManifest.xml:49:13
	android:theme
		ADDED from AndroidManifest.xml:52:13
	android:name
		ADDED from AndroidManifest.xml:48:13
	android:launchMode
		ADDED from AndroidManifest.xml:50:13
intent-filter#android.intent.action.MAIN+android.intent.category.LAUNCHER+android.intent.category.MULTIWINDOW_LAUNCHER
ADDED from AndroidManifest.xml:53:13
action#android.intent.action.MAIN
ADDED from AndroidManifest.xml:54:17
	android:name
		ADDED from AndroidManifest.xml:54:25
category#android.intent.category.LAUNCHER
ADDED from AndroidManifest.xml:56:17
	android:name
		ADDED from AndroidManifest.xml:56:27
category#android.intent.category.MULTIWINDOW_LAUNCHER
ADDED from AndroidManifest.xml:57:17
	android:name
		ADDED from AndroidManifest.xml:57:27
intent-filter#android.intent.action.EDIT+android.intent.action.PICK+android.intent.action.VIEW+android.intent.category.BROWSABLE+android.intent.category.DEFAULT
ADDED from AndroidManifest.xml:59:13
action#android.intent.action.VIEW
ADDED from AndroidManifest.xml:60:17
	android:name
		ADDED from AndroidManifest.xml:60:25
action#android.intent.action.EDIT
ADDED from AndroidManifest.xml:61:17
	android:name
		ADDED from AndroidManifest.xml:61:25
action#android.intent.action.PICK
ADDED from AndroidManifest.xml:62:17
	android:name
		ADDED from AndroidManifest.xml:62:25
category#android.intent.category.DEFAULT
ADDED from AndroidManifest.xml:64:17
	android:name
		ADDED from AndroidManifest.xml:64:27
category#android.intent.category.BROWSABLE
ADDED from AndroidManifest.xml:65:17
	android:name
		ADDED from AndroidManifest.xml:65:27
data
ADDED from AndroidManifest.xml:67:17
	android:scheme
		ADDED from AndroidManifest.xml:67:23
intent-filter#android.intent.action.SEND+android.intent.category.DEFAULT
ADDED from AndroidManifest.xml:76:13
action#android.intent.action.SEND
ADDED from AndroidManifest.xml:77:17
	android:name
		ADDED from AndroidManifest.xml:77:25
activity#sharedcode.turboeditor.activity.SelectFileActivity
ADDED from AndroidManifest.xml:82:9
	android:label
		ADDED from AndroidManifest.xml:85:13
	android:configChanges
		ADDED from AndroidManifest.xml:84:13
	android:theme
		ADDED from AndroidManifest.xml:87:13
	android:parentActivityName
		ADDED from AndroidManifest.xml:86:13
	android:name
		ADDED from AndroidManifest.xml:83:13
meta-data#android.support.PARENT_ACTIVITY
ADDED from AndroidManifest.xml:88:13
	android:name
		ADDED from AndroidManifest.xml:89:17
	android:value
		ADDED from AndroidManifest.xml:90:17
activity#sharedcode.turboeditor.preferences.ExtraSettingsActivity
ADDED from AndroidManifest.xml:93:9
	android:label
		ADDED from AndroidManifest.xml:95:13
	android:parentActivityName
		ADDED from AndroidManifest.xml:96:13
	android:name
		ADDED from AndroidManifest.xml:94:13
meta-data#com.sec.android.support.multiwindow
ADDED from AndroidManifest.xml:102:9
	android:name
		ADDED from AndroidManifest.xml:103:13
	android:value
		ADDED from AndroidManifest.xml:104:13
meta-data#com.sec.android.multiwindow.DEFAULT_SIZE_W
ADDED from AndroidManifest.xml:105:9
	android:name
		ADDED from AndroidManifest.xml:106:13
	android:value
		ADDED from AndroidManifest.xml:107:13
meta-data#com.sec.android.multiwindow.DEFAULT_SIZE_H
ADDED from AndroidManifest.xml:108:9
	android:name
		ADDED from AndroidManifest.xml:109:13
	android:value
		ADDED from AndroidManifest.xml:110:13
meta-data#com.sec.android.multiwindow.MINIMUM_SIZE_W
ADDED from AndroidManifest.xml:111:9
	android:name
		ADDED from AndroidManifest.xml:112:13
	android:value
		ADDED from AndroidManifest.xml:113:13
meta-data#com.sec.android.multiwindow.MINIMUM_SIZE_H
ADDED from AndroidManifest.xml:114:9
	android:name
		ADDED from AndroidManifest.xml:115:13
	android:value
		ADDED from AndroidManifest.xml:116:13
uses-sdk
INJECTED from AndroidManifest.xml:0:0 reason: use-sdk injection requested
MERGED from turbo-editor.libraries:sharedCode:unspecified:25:5
MERGED from turbo-editor.libraries:RootCommands:unspecified:7:5
MERGED from turbo-editor.libraries:FloatingActionButton:unspecified:7:5
MERGED from com.android.support:appcompat-v7:21.0.3:15:5
MERGED from com.android.support:support-v4:21.0.3:15:5
MERGED from com.github.gabrielemariotti.changeloglib:library:1.5.1:7:5
	android:targetSdkVersion
		INJECTED from AndroidManifest.xml:0:0
		INJECTED from AndroidManifest.xml:0:0
	android:minSdkVersion
		INJECTED from AndroidManifest.xml:0:0
		INJECTED from AndroidManifest.xml:0:0